2016/03/16 09:12:41 [/admin/basis/tradelaw.php] [execute end 56e8a4f54f9f0#9]
SQL: PREPARE mdb2_statement_mysql_9c6f699818ec31df3bac45dcd79d021941366a51a FROM 'UPDATE dtb_session SET sess_data= ?, update_date= CURRENT_TIMESTAMP WHERE sess_id = ?'
PlaceHolder: array (
  0 => 'cart|a:0:{}prev_url|s:25:"/admin/basis/tradelaw.php";transactionid|s:40:"df324ae8528e9ed874f32de791cff24abe5bc492";cert|s:8:"7WDhcBTF";member_id|s:1:"2";login_id|s:5:"admin";authority|s:1:"0";login_name|s:9:"管理者";uniqid|s:21:"56e89987c061fYkKhA446";last_login|s:19:"2016-03-15 16:08:19";',
  1 => '1h5ch6at71ngkb3aue9sc2uh76',
)
execution time: 3.44 sec
 from 125.203.246.13
2016/03/22 11:05:32 [/admin/order/pdf.php] [execute end 56f0a863e8bbc#15]
SQL: PREPARE mdb2_statement_mysql_150b0cb3baf447ffc40f95a707f6cd4fb565b85a65 FROM 'UPDATE dtb_session SET sess_data= ?, update_date= CURRENT_TIMESTAMP WHERE sess_id = ?'
PlaceHolder: array (
  0 => 'cart|a:0:{}prev_url|s:21:"/admin/order/pdf.php?";transactionid|s:40:"aec9ab6aabbaf11c13e0fbd0b8e325879ba7652e";cert|s:8:"7WDhcBTF";member_id|s:1:"2";login_id|s:5:"admin";authority|s:1:"0";login_name|s:9:"管理者";uniqid|s:21:"56f0871f54705UTNDyhRy";last_login|s:19:"2016-03-22 08:43:27";',
  1 => 'eti0s127oof7mishrc6rffoju0',
)
execution time: 7.08 sec
 from 125.203.246.13
2016/03/24 16:59:58 [/admin/order/index.php] [execute end 56f39e7c3a51d#11]
SQL: PREPARE mdb2_statement_mysql_11c2af3f1d09bc0aed18a696f83bfb5d8819b440ca FROM 'UPDATE dtb_session SET sess_data= ?, update_date= CURRENT_TIMESTAMP WHERE sess_id = ?'
PlaceHolder: array (
  0 => 'cart|a:0:{}prev_url|s:14:"/admin/order/?";transactionid|s:40:"6317ce7519e22c4b3b0337a0995792bfb40db6d7";cert|s:8:"7WDhcBTF";member_id|s:1:"2";login_id|s:5:"admin";authority|s:1:"0";login_name|s:9:"管理者";uniqid|s:21:"56f36eaa09ac7qqQPdQkW";last_login|s:19:"2016-03-24 12:00:06";total|a:9:{s:18:"search_startyear_m";s:4:"2016";s:19:"search_startmonth_m";s:1:"3";s:16:"search_startyear";s:4:"2016";s:17:"search_startmonth";s:2:"03";s:15:"search_startday";s:2:"24";s:14:"search_endyear";s:4:"2016";s:15:"search_endmonth";s:2:"03";s:13:"search_endday";s:2:"24";s:11:"search_form";s:1:"1";}',
  1 => 'c6mgrk7knos8v3b0kb727210h3',
)
execution time: 2.11 sec
 from 125.203.246.13
2016/03/29 16:45:32 [/admin/order/product_select.php] [execute end 56fa32986f3dd#23]
SQL: PREPARE mdb2_statement_mysql_23c84e6e868d4665b7efd9c0a8c402f11ed9cdc9f6 FROM 'UPDATE dtb_session SET sess_data= ?, update_date= CURRENT_TIMESTAMP WHERE sess_id = ?'
PlaceHolder: array (
  0 => 'cart|a:0:{}prev_url|s:32:"/admin/order/product_select.php?";transactionid|s:40:"a2f8a674e67abd09d49536fec50c385443fa5679";cert|s:8:"7WDhcBTF";member_id|s:1:"2";login_id|s:5:"admin";authority|s:1:"0";login_name|s:9:"管理者";uniqid|s:21:"56fa2bf13351b7Mm7K3PD";last_login|s:19:"2016-03-29 15:30:18";',
  1 => 'lcssh0bse8n86d8fc3od5tqns5',
)
execution time: 2.45 sec
 from 125.203.246.13
2016/04/01 13:58:28 [/admin/order/edit.php] [execute end 56fdffe81ca31#64]
SQL: PREPARE mdb2_statement_mysql_641af7082ebea109f01394637c928ddddf1a1e6a6a FROM 'UPDATE dtb_session SET sess_data= ?, update_date= CURRENT_TIMESTAMP WHERE sess_id = ?'
PlaceHolder: array (
  0 => 'cart|a:0:{}prev_url|s:22:"/admin/order/edit.php?";transactionid|s:40:"4ea56afb2a3412f07e8c55ba8911ceedac95ae03";cert|s:8:"7WDhcBTF";member_id|s:1:"2";login_id|s:5:"admin";authority|s:1:"0";login_name|s:9:"管理者";uniqid|s:21:"56fdde86026bbW9wGrrWN";last_login|s:19:"2016-04-01 11:35:44";',
  1 => '94p973h9lg0rd9djc7c07c8390',
)
execution time: 6.40 sec
 from 125.203.246.13
2016/04/01 13:58:28 [/admin/order/product_select.php] [execute end 56fdffefe1aca#9]
SQL: PREPARE mdb2_statement_mysql_94339f09e0714086a749064eb08c48ad63ad82d6b FROM 'UPDATE dtb_session SET sess_data= ?, update_date= CURRENT_TIMESTAMP WHERE sess_id = ?'
PlaceHolder: array (
  0 => 'cart|a:0:{}prev_url|s:57:"/admin/order/product_select.php?order_id=24&shipping_id=0";transactionid|s:40:"4ea56afb2a3412f07e8c55ba8911ceedac95ae03";cert|s:8:"7WDhcBTF";member_id|s:1:"2";login_id|s:5:"admin";authority|s:1:"0";login_name|s:9:"管理者";uniqid|s:21:"56fdde86026bbW9wGrrWN";last_login|s:19:"2016-04-01 11:35:44";',
  1 => '94p973h9lg0rd9djc7c07c8390',
)
execution time: 3.51 sec
 from 125.203.246.13
2016/04/02 14:37:59 [/admin/order/index.php] [execute end 56ff5ab36dfec#14]
SQL: PREPARE mdb2_statement_mysql_147a8148b1791130dfaf20f26748c135db4364aa8f FROM 'UPDATE dtb_session SET sess_data= ?, update_date= CURRENT_TIMESTAMP WHERE sess_id = ?'
PlaceHolder: array (
  0 => 'cart|a:0:{}prev_url|s:13:"/admin/order/";transactionid|s:40:"6e6774ae6d18b88308ff19aacbf4a36c885ac52e";cert|s:8:"7WDhcBTF";member_id|s:1:"2";login_id|s:5:"admin";authority|s:1:"0";login_name|s:9:"管理者";uniqid|s:21:"56ff0696a20a6AaSUYN3s";last_login|s:19:"2016-04-01 16:50:06";cart_referer_url|s:69:"http://www.hinata-scs.com/products/detail.php?product_id=223&admin=on";',
  1 => 'vkvhkokkgn0k9g6j542kslgna1',
)
execution time: 2.60 sec
 from 125.203.246.13
2016/04/04 08:16:21 [/admin/home.php] [execute end 5701a4414dbf0#19]
SQL: PREPARE mdb2_statement_mysql_19588354fa7f5d41b42adce55414ac964a37fbe5c0 FROM 'UPDATE dtb_session SET sess_data= ?, update_date= CURRENT_TIMESTAMP WHERE sess_id = ?'
PlaceHolder: array (
  0 => 'cart|a:0:{}prev_url|s:70:"/admin/home.php?transactionid=a079846e5e30d3402f584e6412d5dc8b64216121";transactionid|s:40:"a079846e5e30d3402f584e6412d5dc8b64216121";cert|s:8:"7WDhcBTF";member_id|s:1:"2";login_id|s:5:"admin";authority|s:1:"0";login_name|s:9:"管理者";uniqid|s:21:"5701a4412b5aa4XZtqhYA";last_login|s:19:"2016-04-02 15:10:38";',
  1 => 'emj8murse6df12r0bka36jna46',
)
execution time: 4.04 sec
 from 125.203.246.13
2016/04/04 15:35:52 [/admin/order/pdf.php] [execute end 57020b4596ac1#9]
SQL: PREPARE mdb2_statement_mysql_9deb6b8604d2357b01fd8a5260dfba81d41628717 FROM 'UPDATE dtb_session SET sess_data= ?, update_date= CURRENT_TIMESTAMP WHERE sess_id = ?'
PlaceHolder: array (
  0 => 'cart|a:0:{}prev_url|s:32:"/admin/order/pdf.php?order_id=11";transactionid|s:40:"cf41031444a81668fb8ef80fbdbce35fa88978e1";cert|s:8:"7WDhcBTF";member_id|s:1:"2";login_id|s:5:"admin";authority|s:1:"0";login_name|s:9:"管理者";uniqid|s:21:"5701a933371b9CzsRAQ3F";last_login|s:19:"2016-04-04 08:16:17";',
  1 => 'oarkts1j7idq3h18p6bbs591u1',
)
execution time: 2.11 sec
 from 125.203.246.13
2016/04/04 15:44:57 [/admin/order/pdf.php] [execute end 57020d6634b48#9]
SQL: PREPARE mdb2_statement_mysql_906270f3d2b17aceb25dd30f9c64caab72b704b4d FROM 'UPDATE dtb_session SET sess_data= ?, update_date= CURRENT_TIMESTAMP WHERE sess_id = ?'
PlaceHolder: array (
  0 => 'cart|a:0:{}prev_url|s:20:"/admin/order/pdf.php";transactionid|s:40:"53f5a4a8e65133b7d08c01226cf333323fb41415";cert|s:8:"7WDhcBTF";member_id|s:1:"2";login_id|s:5:"admin";authority|s:1:"0";login_name|s:9:"管理者";uniqid|s:21:"5701efb5db7c5NfDFfDJ4";last_login|s:19:"2016-04-04 13:00:17";',
  1 => 'j1uaj8i8m1a38ju5vi6sr1a400',
)
execution time: 2.45 sec
 from 125.203.246.13
2016/04/06 16:43:22 [/admin/contents/csv_sql.php] [execute end 5704be1401608#10]
SQL: PREPARE mdb2_statement_mysql_11d00b9e84099b4081f7a9d5a3a63501d03d295009 FROM 'UPDATE dtb_session SET sess_data= ?, update_date= CURRENT_TIMESTAMP WHERE sess_id = ?'
PlaceHolder: array (
  0 => 'cart|a:0:{}prev_url|s:28:"/admin/contents/csv_sql.php?";transactionid|s:40:"07ec0c7213e02a05c01f237c560d4e79006d1b88";cert|s:8:"7WDhcBTF";member_id|s:1:"2";login_id|s:5:"admin";authority|s:1:"0";login_name|s:9:"管理者";uniqid|s:21:"5704a39b49571WAdasMFz";last_login|s:19:"2016-04-06 14:40:57";',
  1 => 'v0rcuu477tvbat2g17u6rrh393',
)
execution time: 6.07 sec
 from 125.203.246.13
2016/04/27 17:11:35 [/admin/order/product_select.php] [execute end 57207432db728#9]
SQL: PREPARE mdb2_statement_mysql_9fb3c234af22604723c6a96b2edcbb8994154b52c FROM 'UPDATE dtb_session SET sess_data= ?, update_date= CURRENT_TIMESTAMP WHERE sess_id = ?'
PlaceHolder: array (
  0 => 'cart|a:0:{}prev_url|s:57:"/admin/order/product_select.php?order_id=31&shipping_id=0";transactionid|s:40:"f06de3af34c52f4f5197485e6ab0cd31a8e6cecf";cert|s:8:"7WDhcBTF";member_id|s:1:"2";login_id|s:5:"admin";authority|s:1:"0";login_name|s:9:"管理者";uniqid|s:21:"57206d3a4d81dAsc3sbSF";last_login|s:19:"2016-04-27 14:25:37";',
  1 => 't716439djrk731grhllm5bsh94',
)
execution time: 4.18 sec
 from 125.203.246.13
